app/build/intermediates/manifest_merge_blame_file/debug/manifest-merger-blame-debug-report.txt
1<?xml version="1.0" encoding="utf-8"?>
2<manifest xmlns:android="http://schemas.android.com/apk/res/android"
3    package="com.example.smartexpensetracker"
4    android:versionCode="1"
5    android:versionName="1.0" >
6
7    <uses-sdk
8        android:minSdkVersion="24"
9        android:targetSdkVersion="33" />
10
11    <permission
11-->[androidx.core:core:1.9.0] AndroidManifest.xml:22:5-24:47
12        android:name="com.example.smartexpensetracker.DYNAMIC_RECEIVER_NOT_EXPORTED_PERMISSION"
12-->[androidx.core:core:1.9.0] AndroidManifest.xml:23:9-81
13        android:protectionLevel="signature" />
13-->[androidx.core:core:1.9.0] AndroidManifest.xml:24:9-44
14
15    <uses-permission android:name="com.example.smartexpensetracker.DYNAMIC_RECEIVER_NOT_EXPORTED_PERMISSION" />
15-->[androidx.core:core:1.9.0] AndroidManifest.xml:26:5-97
15-->[androidx.core:core:1.9.0] AndroidManifest.xml:26:22-94
16
17    <application
17-->src\main\AndroidManifest.xml:5:5-36:19
18        android:allowBackup="true"
18-->src\main\AndroidManifest.xml:6:9-35
19        android:appComponentFactory="androidx.core.app.CoreComponentFactory"
19-->[androidx.core:core:1.9.0] AndroidManifest.xml:28:18-86
20        android:debuggable="true"
21        android:extractNativeLibs="false"
22        android:icon="@mipmap/ic_launcher"
22-->src\main\AndroidManifest.xml:7:9-43
23        android:label="@string/app_name"
23-->src\main\AndroidManifest.xml:9:9-41
24        android:roundIcon="@mipmap/ic_launcher"
24-->src\main\AndroidManifest.xml:8:9-48
25        android:supportsRtl="true"
25-->src\main\AndroidManifest.xml:10:9-35
26        android:testOnly="true"
27        android:theme="@style/Theme.SmartExpenseTracker" >
27-->src\main\AndroidManifest.xml:11:9-57
28        <activity
28-->src\main\AndroidManifest.xml:13:9-20:20
29            android:name="com.example.smartexpensetracker.SplashActivity"
29-->src\main\AndroidManifest.xml:14:13-43
30            android:exported="true" >
30-->src\main\AndroidManifest.xml:15:13-36
31            <intent-filter>
31-->src\main\AndroidManifest.xml:16:13-19:29
32                <action android:name="android.intent.action.MAIN" />
32-->src\main\AndroidManifest.xml:17:17-69
32-->src\main\AndroidManifest.xml:17:25-66
33
34                <category android:name="android.intent.category.LAUNCHER" />
34-->src\main\AndroidManifest.xml:18:17-77
34-->src\main\AndroidManifest.xml:18:27-74
35            </intent-filter>
36        </activity>
37        <activity
37-->src\main\AndroidManifest.xml:22:9-24:40
38            android:name="com.example.smartexpensetracker.MainActivity"
38-->src\main\AndroidManifest.xml:23:13-41
39            android:exported="false" />
39-->src\main\AndroidManifest.xml:24:13-37
40        <activity android:name="com.example.smartexpensetracker.AddExpenseActivity" />
40-->src\main\AndroidManifest.xml:26:9-56
40-->src\main\AndroidManifest.xml:26:19-53
41        <activity android:name="com.example.smartexpensetracker.AddIncomeActivity" />
41-->src\main\AndroidManifest.xml:27:9-55
41-->src\main\AndroidManifest.xml:27:19-52
42        <activity android:name="com.example.smartexpensetracker.IncomeListActivity" />
42-->src\main\AndroidManifest.xml:28:9-56
42-->src\main\AndroidManifest.xml:28:19-53
43        <activity android:name="com.example.smartexpensetracker.TransactionHistoryActivity" />
43-->src\main\AndroidManifest.xml:29:9-64
43-->src\main\AndroidManifest.xml:29:19-61
44        <activity android:name="com.example.smartexpensetracker.ReportsActivity" />
44-->src\main\AndroidManifest.xml:30:9-53
44-->src\main\AndroidManifest.xml:30:19-50
45        <activity android:name="com.example.smartexpensetracker.CategoriesActivity" />
45-->src\main\AndroidManifest.xml:31:9-56
45-->src\main\AndroidManifest.xml:31:19-53
46        <activity android:name="com.example.smartexpensetracker.SettingsActivity" />
46-->src\main\AndroidManifest.xml:32:9-54
46-->src\main\AndroidManifest.xml:32:19-51
47        <activity android:name="com.example.smartexpensetracker.SavingsGoalsActivity" />
47-->src\main\AndroidManifest.xml:33:9-58
47-->src\main\AndroidManifest.xml:33:19-55
48        <activity android:name="com.example.smartexpensetracker.AddSavingGoalActivity" />
48-->src\main\AndroidManifest.xml:34:9-59
48-->src\main\AndroidManifest.xml:34:19-56
49
50        <provider
50-->[androidx.emoji2:emoji2:1.2.0] AndroidManifest.xml:24:9-32:20
51            android:name="androidx.startup.InitializationProvider"
51-->[androidx.emoji2:emoji2:1.2.0] AndroidManifest.xml:25:13-67
52            android:authorities="com.example.smartexpensetracker.androidx-startup"
52-->[androidx.emoji2:emoji2:1.2.0] AndroidManifest.xml:26:13-68
53            android:exported="false" >
53-->[androidx.emoji2:emoji2:1.2.0] AndroidManifest.xml:27:13-37
54            <meta-data
54-->[androidx.emoji2:emoji2:1.2.0] AndroidManifest.xml:29:13-31:52
55                android:name="androidx.emoji2.text.EmojiCompatInitializer"
55-->[androidx.emoji2:emoji2:1.2.0] AndroidManifest.xml:30:17-75
56                android:value="androidx.startup" />
56-->[androidx.emoji2:emoji2:1.2.0] AndroidManifest.xml:31:17-49
57            <meta-data
57-->[androidx.lifecycle:lifecycle-process:2.4.1] AndroidManifest.xml:31:13-33:52
58                android:name="androidx.lifecycle.ProcessLifecycleInitializer"
58-->[androidx.lifecycle:lifecycle-process:2.4.1] AndroidManifest.xml:32:17-78
59                android:value="androidx.startup" />
59-->[androidx.lifecycle:lifecycle-process:2.4.1] AndroidManifest.xml:33:17-49
60        </provider>
61    </application>
62
63</manifest>